[debug] [2021-06-23T14:20:04.564Z] ----------------------------------------------------------------------
[debug] [2021-06-23T14:20:04.566Z] Command:       C:\Program Files\nodejs\node.exe C:\Users\ADMIN\AppData\Roaming\npm\node_modules\firebase-tools\lib\bin\firebase.js init
[debug] [2021-06-23T14:20:04.567Z] CLI Version:   9.14.0
[debug] [2021-06-23T14:20:04.567Z] Platform:      win32
[debug] [2021-06-23T14:20:04.567Z] Node Version:  v15.12.0
[debug] [2021-06-23T14:20:04.568Z] Time:          Wed Jun 23 2021 21:20:04 GMT+0700 (Indochina Time)
[debug] [2021-06-23T14:20:04.568Z] ----------------------------------------------------------------------
[debug] 
[debug] [2021-06-23T14:20:04.574Z] > command requires scopes: ["email","openid","https://www.googleapis.com/auth/cloudplatformprojects.readonly","https://www.googleapis.com/auth/firebase","https://www.googleapis.com/auth/cloud-platform"]
[debug] [2021-06-23T14:20:04.574Z] > authorizing via signed-in user (longnguyenckltk@gmail.com)
[info] 
     ######## #### ########  ######## ########     ###     ######  ########
     ##        ##  ##     ## ##       ##     ##  ##   ##  ##       ##
     ######    ##  ########  ######   ########  #########  ######  ######
     ##        ##  ##    ##  ##       ##     ## ##     ##       ## ##
     ##       #### ##     ## ######## ########  ##     ##  ######  ########

You're about to initialize a Firebase project in this directory:

  E:\Reactjs\react_example\netflix-clone

Before we get started, keep in mind:

  * You are initializing within an existing Firebase project directory

[info] 
=== Project Setup
[info] 
[info] First, let's associate this project directory with a Firebase project.
[info] You can create multiple project aliases by running firebase use --add, 
[info] but for now we'll just set up a default project.
[info] 
[info] i  .firebaserc already has a default project, using netflix-clone-e3204. 
[debug] [2021-06-23T14:20:11.182Z] >>> [apiv2][query] GET https://firebase.googleapis.com/v1beta1/projects/netflix-clone-e3204 [none]
[debug] [2021-06-23T14:20:11.891Z] <<< [apiv2][status] GET https://firebase.googleapis.com/v1beta1/projects/netflix-clone-e3204 200
[debug] [2021-06-23T14:20:11.891Z] <<< [apiv2][body] GET https://firebase.googleapis.com/v1beta1/projects/netflix-clone-e3204 {"projectId":"netflix-clone-e3204","projectNumber":"248244475577","displayName":"netflix-clone","name":"projects/netflix-clone-e3204","resources":{"hostingSite":"netflix-clone-e3204"},"state":"ACTIVE"}
[info] 
=== Hosting:github Setup
[info] 
[info] i  Detected a .git folder at E:\Reactjs\react_example\netflix-clone 
[info] i  Authorizing with GitHub to upload your service account to a GitHub repository's secrets store. 
[info] 
[info] Visit this URL on this device to log in:
[info] https://github.com/login/oauth/authorize?client_id=89cf50f02ac6aaed3484&state=717610278&redirect_uri=http%3A%2F%2Flocalhost%3A9005&scope=read%3Auser%20repo%20public_repo
[info] 
[info] Waiting for authentication...
[debug] [2021-06-23T14:20:12.634Z] >>> HTTP REQUEST POST https://github.com/login/oauth/access_token  
 {"client_id":"89cf50f02ac6aaed3484","client_secret":"3330d14abc895d9a74d5f17cd7a00711fa2c5bf0","code":"704ed5c704f325055f17","redirect_uri":"http://localhost:9005","state":"717610278"}
[debug] [2021-06-23T14:20:13.070Z] <<< HTTP RESPONSE 200 {"server":"GitHub.com","date":"Wed, 23 Jun 2021 14:20:22 GMT","content-type":"application/json; charset=utf-8","transfer-encoding":"chunked","vary":"X-PJAX, Accept-Encoding, Accept, X-Requested-With","permissions-policy":"interest-cohort=()","etag":"W/\"6c3036bee1ae17c86f950260ed81d2bd\"","cache-control":"max-age=0, private, must-revalidate","strict-transport-security":"max-age=31536000; includeSubdomains; preload","x-frame-options":"deny","x-content-type-options":"nosniff","x-xss-protection":"0","referrer-policy":"origin-when-cross-origin, strict-origin-when-cross-origin","expect-ct":"max-age=2592000, report-uri=\"https://api.github.com/_private/browser/errors\"","content-security-policy":"default-src 'none'; base-uri 'self'; block-all-mixed-content; connect-src 'self' uploads.github.com www.githubstatus.com collector.githubapp.com api.github.com github-cloud.s3.amazonaws.com github-production-repository-file-5c1aeb.s3.amazonaws.com github-production-upload-manifest-file-7fdce7.s3.amazonaws.com github-production-user-asset-6210df.s3.amazonaws.com cdn.optimizely.com logx.optimizely.com/v1/events translator.github.com wss://alive.github.com; font-src github.githubassets.com; form-action 'self' github.com gist.github.com; frame-ancestors 'none'; frame-src render.githubusercontent.com render-temp.githubusercontent.com viewscreen.githubusercontent.com; img-src 'self' data: github.githubassets.com identicons.github.com collector.githubapp.com github-cloud.s3.amazonaws.com secured-user-images.githubusercontent.com/ *.githubusercontent.com; manifest-src 'self'; media-src 'none'; script-src github.githubassets.com; style-src 'unsafe-inline' github.githubassets.com; worker-src github.com/socket-worker-3f088aa2.js gist.github.com/socket-worker-3f088aa2.js","x-github-request-id":"EFEC:58DC:852725:8C3ABF:60D34326"}
[debug] [2021-06-23T14:20:13.073Z] >>> [apiv2][query] GET https://api.github.com/user [none]
[debug] [2021-06-23T14:20:13.555Z] <<< [apiv2][status] GET https://api.github.com/user 200
[debug] [2021-06-23T14:20:13.555Z] <<< [apiv2][body] GET https://api.github.com/user {"login":"Jikay123","id":70426359,"node_id":"MDQ6VXNlcjcwNDI2MzU5","avatar_url":"https://avatars.githubusercontent.com/u/70426359?v=4","gravatar_id":"","url":"https://api.github.com/users/Jikay123","html_url":"https://github.com/Jikay123","followers_url":"https://api.github.com/users/Jikay123/followers","following_url":"https://api.github.com/users/Jikay123/following{/other_user}","gists_url":"https://api.github.com/users/Jikay123/gists{/gist_id}","starred_url":"https://api.github.com/users/Jikay123/starred{/owner}{/repo}","subscriptions_url":"https://api.github.com/users/Jikay123/subscriptions","organizations_url":"https://api.github.com/users/Jikay123/orgs","repos_url":"https://api.github.com/users/Jikay123/repos","events_url":"https://api.github.com/users/Jikay123/events{/privacy}","received_events_url":"https://api.github.com/users/Jikay123/received_events","type":"User","site_admin":false,"name":null,"company":null,"blog":"","location":null,"email":null,"hireable":null,"bio":null,"twitter_username":null,"public_repos":12,"public_gists":0,"followers":0,"following":0,"created_at":"2020-08-29T06:34:26Z","updated_at":"2021-06-20T18:22:14Z","private_gists":0,"total_private_repos":19,"owned_private_repos":19,"disk_usage":161887,"collaborators":0,"two_factor_authentication":false,"plan":{"name":"free","space":976562499,"collaborators":0,"private_repos":10000}}
[info] 
[info] +  Success! Logged into GitHub as Jikay123 
[info] 
[debug] [2021-06-23T14:20:21.824Z] >>> [apiv2][query] GET https://api.github.com/repos/no/actions/secrets/public-key type=owner
[debug] [2021-06-23T14:20:22.241Z] <<< [apiv2][status] GET https://api.github.com/repos/no/actions/secrets/public-key 404
[debug] [2021-06-23T14:20:22.242Z] <<< [apiv2][body] GET https://api.github.com/repos/no/actions/secrets/public-key {"message":"Not Found","documentation_url":"https://docs.github.com/rest"}
[debug] [2021-06-23T14:20:22.289Z] >>> [apiv2][query] GET https://api.github.com/repos//actions/secrets/public-key type=owner
[debug] [2021-06-23T14:20:22.679Z] <<< [apiv2][status] GET https://api.github.com/repos//actions/secrets/public-key 404
[debug] [2021-06-23T14:20:22.680Z] <<< [apiv2][body] GET https://api.github.com/repos//actions/secrets/public-key {"message":"Not Found","documentation_url":"https://docs.github.com/rest"}
